2012-04-26 19:58:11,559 [pool-5-thread-1] ERROR StackTrace  - Full Stack Trace:
grails.validation.ValidationException: Validation Error(s) occurred during save():
- Field error in object 'com.example.User' on field 'passwordHash': rejected value [null]; codes [com.example.User.passwordHash.nullable.error.com.example.User.passwordHash,com.example.User.passwordHash.nullable.error.passwordHash,com.example.User.passwordHash.nullable.error.java.lang.String,com.example.User.passwordHash.nullable.error,user.passwordHash.nullable.error.com.example.User.passwordHash,user.passwordHash.nullable.error.passwordHash,user.passwordHash.nullable.error.java.lang.String,user.passwordHash.nullable.error,com.example.User.passwordHash.nullable.com.example.User.passwordHash,com.example.User.passwordHash.nullable.passwordHash,com.example.User.passwordHash.nullable.java.lang.String,com.example.User.passwordHash.nullable,user.passwordHash.nullable.com.example.User.passwordHash,user.passwordHash.nullable.passwordHash,user.passwordHash.nullable.java.lang.String,user.passwordHash.nullable,nullable.com.example.User.passwordHash,nullable.passwordHash,nullable.java.lang.String,nullable]; arguments [passwordHash,class com.example.User]; default message [Property [{0}] of class [{1}] cannot be null]

	at org.codehaus.groovy.grails.orm.hibernate.metaclass.AbstractSavePersistentMethod.doInvokeInternal(AbstractSavePersistentMethod.java:185)
	at org.codehaus.groovy.grails.orm.hibernate.metaclass.AbstractDynamicPersistentMethod.invoke(AbstractDynamicPersistentMethod.java:63)
	at sun.reflect.NativeMethodAccessorImpl.invoke0(Native Method)
	at sun.reflect.NativeMethodAccessorImpl.invoke(NativeMethodAccessorImpl.java:39)
	at sun.reflect.DelegatingMethodAccessorImpl.invoke(DelegatingMethodAccessorImpl.java:25)
	at java.lang.reflect.Method.invoke(Method.java:597)
	at com.springsource.loaded.ri.ReflectiveInterceptor.jlrMethodInvoke(ReflectiveInterceptor.java:1231)
	at org.codehaus.groovy.runtime.callsite.PojoMetaMethodSite$PojoCachedMethodSite.invoke(PojoMetaMethodSite.java:189)
	at org.codehaus.groovy.runtime.callsite.PojoMetaMethodSite.call(PojoMetaMethodSite.java:53)
	at org.codehaus.groovy.runtime.callsite.CallSiteArray.defaultCall(CallSiteArray.java:42)
	at org.codehaus.groovy.runtime.callsite.PojoMetaMethodSite.call(PojoMetaMethodSite.java:55)
	at org.codehaus.groovy.runtime.callsite.AbstractCallSite.call(AbstractCallSite.java:124)
	at org.codehaus.groovy.grails.orm.hibernate.HibernateGormInstanceApi.save(HibernateGormEnhancer.groovy:882)
	at com.example.User.save(User.groovy)
	at com.example.User$save.call(Unknown Source)
	at org.codehaus.groovy.runtime.callsite.CallSiteArray.defaultCall(CallSiteArray.java:42)
	at org.codehaus.groovy.runtime.callsite.AbstractCallSite.call(AbstractCallSite.java:108)
	at org.codehaus.groovy.runtime.callsite.AbstractCallSite.call(AbstractCallSite.java:116)
	at BootStrap$_closure1.doCall(BootStrap.groovy:17)
	at sun.reflect.NativeMethodAccessorImpl.invoke0(Native Method)
	at sun.reflect.NativeMethodAccessorImpl.invoke(NativeMethodAccessorImpl.java:39)
	at sun.reflect.DelegatingMethodAccessorImpl.invoke(DelegatingMethodAccessorImpl.java:25)
	at java.lang.reflect.Method.invoke(Method.java:597)
	at com.springsource.loaded.ri.ReflectiveInterceptor.jlrMethodInvoke(ReflectiveInterceptor.java:1231)
	at org.codehaus.groovy.reflection.CachedMethod.invoke(CachedMethod.java:90)
	at groovy.lang.MetaMethod.doMethodInvoke(MetaMethod.java:233)
	at groovy.lang.MetaClassImpl.invokeMethod(MetaClassImpl.java:1047)
	at groovy.lang.ExpandoMetaClass.invokeMethod(ExpandoMetaClass.java:1110)
	at groovy.lang.MetaClassImpl.invokeMethod(MetaClassImpl.java:877)
	at groovy.lang.MetaClassImpl.invokeMethod(MetaClassImpl.java:921)
	at groovy.lang.ExpandoMetaClass.invokeMethod(ExpandoMetaClass.java:1110)
	at groovy.lang.MetaClassImpl.invokeMethod(MetaClassImpl.java:877)
	at groovy.lang.Closure.call(Closure.java:412)
	at groovy.lang.Closure.call(Closure.java:406)
	at grails.util.Environment.evaluateEnvironmentSpecificBlock(Environment.java:300)
	at grails.util.Environment.executeForEnvironment(Environment.java:293)
	at grails.util.Environment.executeForCurrentEnvironment(Environment.java:269)
	at org.codehaus.groovy.grails.commons.DefaultGrailsBootstrapClass.callInit(DefaultGrailsBootstrapClass.java:60)
	at org.codehaus.groovy.grails.web.context.GrailsConfigUtils.executeGrailsBootstraps(GrailsConfigUtils.java:74)
	at org.codehaus.groovy.grails.web.context.GrailsContextLoader.initWebApplicationContext(GrailsContextLoader.java:105)
	at org.springframework.web.context.ContextLoaderListener.contextInitialized(ContextLoaderListener.java:111)
	at org.apache.catalina.core.StandardContext.listenerStart(StandardContext.java:4779)
	at org.apache.catalina.core.StandardContext.startInternal(StandardContext.java:5273)
	at org.apache.catalina.util.LifecycleBase.start(LifecycleBase.java:150)
	at org.apache.catalina.core.ContainerBase$StartChild.call(ContainerBase.java:1568)
	at org.apache.catalina.core.ContainerBase$StartChild.call(ContainerBase.java:1558)
	at java.util.concurrent.FutureTask$Sync.innerRun(FutureTask.java:303)
	at java.util.concurrent.FutureTask.run(FutureTask.java:138)
	at java.util.concurrent.ThreadPoolExecutor$Worker.runTask(ThreadPoolExecutor.java:886)
	at java.util.concurrent.ThreadPoolExecutor$Worker.run(ThreadPoolExecutor.java:908)
	at java.lang.Thread.run(Thread.java:680)
2012-04-26 19:58:11,564 [pool-5-thread-1] ERROR StackTrace  - Full Stack Trace:
grails.validation.ValidationException: Validation Error(s) occurred during save():
- Field error in object 'com.example.User' on field 'passwordHash': rejected value [null]; codes [com.example.User.passwordHash.nullable.error.com.example.User.passwordHash,com.example.User.passwordHash.nullable.error.passwordHash,com.example.User.passwordHash.nullable.error.java.lang.String,com.example.User.passwordHash.nullable.error,user.passwordHash.nullable.error.com.example.User.passwordHash,user.passwordHash.nullable.error.passwordHash,user.passwordHash.nullable.error.java.lang.String,user.passwordHash.nullable.error,com.example.User.passwordHash.nullable.com.example.User.passwordHash,com.example.User.passwordHash.nullable.passwordHash,com.example.User.passwordHash.nullable.java.lang.String,com.example.User.passwordHash.nullable,user.passwordHash.nullable.com.example.User.passwordHash,user.passwordHash.nullable.passwordHash,user.passwordHash.nullable.java.lang.String,user.passwordHash.nullable,nullable.com.example.User.passwordHash,nullable.passwordHash,nullable.java.lang.String,nullable]; arguments [passwordHash,class com.example.User]; default message [Property [{0}] of class [{1}] cannot be null]

	at BootStrap$_closure1.doCall(BootStrap.groovy:17)
	at grails.util.Environment.evaluateEnvironmentSpecificBlock(Environment.java:300)
	at grails.util.Environment.executeForEnvironment(Environment.java:293)
	at grails.util.Environment.executeForCurrentEnvironment(Environment.java:269)
	at java.util.concurrent.FutureTask$Sync.innerRun(FutureTask.java:303)
	at java.util.concurrent.FutureTask.run(FutureTask.java:138)
	at java.util.concurrent.ThreadPoolExecutor$Worker.runTask(ThreadPoolExecutor.java:886)
	at java.util.concurrent.ThreadPoolExecutor$Worker.run(ThreadPoolExecutor.java:908)
	at java.lang.Thread.run(Thread.java:680)
2012-04-26 19:58:11,564 [pool-5-thread-1] ERROR StackTrace  - Full Stack Trace:
grails.validation.ValidationException: Validation Error(s) occurred during save():
- Field error in object 'com.example.User' on field 'passwordHash': rejected value [null]; codes [com.example.User.passwordHash.nullable.error.com.example.User.passwordHash,com.example.User.passwordHash.nullable.error.passwordHash,com.example.User.passwordHash.nullable.error.java.lang.String,com.example.User.passwordHash.nullable.error,user.passwordHash.nullable.error.com.example.User.passwordHash,user.passwordHash.nullable.error.passwordHash,user.passwordHash.nullable.error.java.lang.String,user.passwordHash.nullable.error,com.example.User.passwordHash.nullable.com.example.User.passwordHash,com.example.User.passwordHash.nullable.passwordHash,com.example.User.passwordHash.nullable.java.lang.String,com.example.User.passwordHash.nullable,user.passwordHash.nullable.com.example.User.passwordHash,user.passwordHash.nullable.passwordHash,user.passwordHash.nullable.java.lang.String,user.passwordHash.nullable,nullable.com.example.User.passwordHash,nullable.passwordHash,nullable.java.lang.String,nullable]; arguments [passwordHash,class com.example.User]; default message [Property [{0}] of class [{1}] cannot be null]

	at BootStrap$_closure1.doCall(BootStrap.groovy:17)
	at grails.util.Environment.evaluateEnvironmentSpecificBlock(Environment.java:300)
	at grails.util.Environment.executeForEnvironment(Environment.java:293)
	at grails.util.Environment.executeForCurrentEnvironment(Environment.java:269)
	at java.util.concurrent.FutureTask$Sync.innerRun(FutureTask.java:303)
	at java.util.concurrent.FutureTask.run(FutureTask.java:138)
	at java.util.concurrent.ThreadPoolExecutor$Worker.runTask(ThreadPoolExecutor.java:886)
	at java.util.concurrent.ThreadPoolExecutor$Worker.run(ThreadPoolExecutor.java:908)
	at java.lang.Thread.run(Thread.java:680)
2012-04-26 19:58:11,564 [pool-5-thread-1] ERROR StackTrace  - Full Stack Trace:
grails.validation.ValidationException: Validation Error(s) occurred during save():
- Field error in object 'com.example.User' on field 'passwordHash': rejected value [null]; codes [com.example.User.passwordHash.nullable.error.com.example.User.passwordHash,com.example.User.passwordHash.nullable.error.passwordHash,com.example.User.passwordHash.nullable.error.java.lang.String,com.example.User.passwordHash.nullable.error,user.passwordHash.nullable.error.com.example.User.passwordHash,user.passwordHash.nullable.error.passwordHash,user.passwordHash.nullable.error.java.lang.String,user.passwordHash.nullable.error,com.example.User.passwordHash.nullable.com.example.User.passwordHash,com.example.User.passwordHash.nullable.passwordHash,com.example.User.passwordHash.nullable.java.lang.String,com.example.User.passwordHash.nullable,user.passwordHash.nullable.com.example.User.passwordHash,user.passwordHash.nullable.passwordHash,user.passwordHash.nullable.java.lang.String,user.passwordHash.nullable,nullable.com.example.User.passwordHash,nullable.passwordHash,nullable.java.lang.String,nullable]; arguments [passwordHash,class com.example.User]; default message [Property [{0}] of class [{1}] cannot be null]

	at BootStrap$_closure1.doCall(BootStrap.groovy:17)
	at grails.util.Environment.evaluateEnvironmentSpecificBlock(Environment.java:300)
	at grails.util.Environment.executeForEnvironment(Environment.java:293)
	at grails.util.Environment.executeForCurrentEnvironment(Environment.java:269)
	at java.util.concurrent.FutureTask$Sync.innerRun(FutureTask.java:303)
	at java.util.concurrent.FutureTask.run(FutureTask.java:138)
	at java.util.concurrent.ThreadPoolExecutor$Worker.runTask(ThreadPoolExecutor.java:886)
	at java.util.concurrent.ThreadPoolExecutor$Worker.run(ThreadPoolExecutor.java:908)
	at java.lang.Thread.run(Thread.java:680)
2012-04-26 21:06:28,079 [http-bio-8080-exec-10] ERROR StackTrace  - Full Stack Trace:
java.io.FileNotFoundException: /Users/eberry/.grails/2.0.3/projects/shiro-example/tomcat/work/Tomcat/localhost/shiro-example/grails-resources/css/mobile.css (No such file or directory)
	at java.io.FileInputStream.open(Native Method)
	at java.io.FileInputStream.<init>(FileInputStream.java:120)
	at org.codehaus.groovy.runtime.DefaultGroovyMethods.newInputStream(DefaultGroovyMethods.java:16649)
	at org.codehaus.groovy.runtime.dgm$527.invoke(Unknown Source)
	at org.codehaus.groovy.runtime.callsite.PojoMetaMethodSite$PojoMetaMethodSiteNoUnwrapNoCoerce.invoke(PojoMetaMethodSite.java:271)
	at org.codehaus.groovy.runtime.callsite.PojoMetaMethodSite.call(PojoMetaMethodSite.java:53)
	at org.codehaus.groovy.runtime.callsite.AbstractCallSite.call(AbstractCallSite.java:112)
	at org.grails.plugin.resource.ResourceMeta.newInputStream(ResourceMeta.groovy:205)
	at org.grails.plugin.resource.ResourceMeta$newInputStream$0.call(Unknown Source)
	at org.codehaus.groovy.runtime.callsite.CallSiteArray.defaultCall(CallSiteArray.java:42)
	at org.codehaus.groovy.runtime.callsite.AbstractCallSite.call(AbstractCallSite.java:108)
	at org.codehaus.groovy.runtime.callsite.AbstractCallSite.call(AbstractCallSite.java:112)
	at org.grails.plugin.resource.ResourceProcessor.processModernResource(ResourceProcessor.groovy:290)
	at org.grails.plugin.resource.ResourceProcessor$processModernResource$2.call(Unknown Source)
	at org.codehaus.groovy.runtime.callsite.CallSiteArray.defaultCall(CallSiteArray.java:42)
	at org.codehaus.groovy.runtime.callsite.AbstractCallSite.call(AbstractCallSite.java:108)
	at org.codehaus.groovy.runtime.callsite.AbstractCallSite.call(AbstractCallSite.java:120)
	at org.grails.plugin.resource.ProcessingFilter.doFilter(ProcessingFilter.groovy:39)
	at org.apache.catalina.core.ApplicationFilterChain.internalDoFilter(ApplicationFilterChain.java:243)
	at org.apache.catalina.core.ApplicationFilterChain.doFilter(ApplicationFilterChain.java:210)
	at org.springframework.web.filter.CharacterEncodingFilter.doFilterInternal(CharacterEncodingFilter.java:88)
	at org.springframework.web.filter.OncePerRequestFilter.doFilter(OncePerRequestFilter.java:76)
	at org.springframework.web.filter.DelegatingFilterProxy.invokeDelegate(DelegatingFilterProxy.java:346)
	at org.springframework.web.filter.DelegatingFilterProxy.doFilter(DelegatingFilterProxy.java:259)
	at org.apache.catalina.core.ApplicationFilterChain.internalDoFilter(ApplicationFilterChain.java:243)
	at org.apache.catalina.core.ApplicationFilterChain.doFilter(ApplicationFilterChain.java:210)
	at org.apache.catalina.core.StandardWrapperValve.invoke(StandardWrapperValve.java:224)
	at org.apache.catalina.core.StandardContextValve.invoke(StandardContextValve.java:169)
	at org.apache.catalina.core.StandardHostValve.invoke(StandardHostValve.java:168)
	at org.apache.catalina.valves.ErrorReportValve.invoke(ErrorReportValve.java:98)
	at org.apache.catalina.core.StandardEngineValve.invoke(StandardEngineValve.java:118)
	at org.apache.catalina.connector.CoyoteAdapter.service(CoyoteAdapter.java:407)
	at org.apache.coyote.http11.AbstractHttp11Processor.process(AbstractHttp11Processor.java:987)
	at org.apache.coyote.AbstractProtocol$AbstractConnectionHandler.process(AbstractProtocol.java:579)
	at org.apache.tomcat.util.net.JIoEndpoint$SocketProcessor.run(JIoEndpoint.java:307)
	at java.util.concurrent.ThreadPoolExecutor$Worker.runTask(ThreadPoolExecutor.java:886)
	at java.util.concurrent.ThreadPoolExecutor$Worker.run(ThreadPoolExecutor.java:908)
	at java.lang.Thread.run(Thread.java:680)
2012-04-26 21:06:28,082 [http-bio-8080-exec-10] ERROR StackTrace  - Full Stack Trace:
java.io.FileNotFoundException: /Users/eberry/.grails/2.0.3/projects/shiro-example/tomcat/work/Tomcat/localhost/shiro-example/grails-resources/css/mobile.css (No such file or directory)
	at java.io.FileInputStream.<init>(FileInputStream.java:120)
	at org.grails.plugin.resource.ResourceMeta.newInputStream(ResourceMeta.groovy:205)
	at org.grails.plugin.resource.ResourceProcessor.processModernResource(ResourceProcessor.groovy:290)
	at org.grails.plugin.resource.ProcessingFilter.doFilter(ProcessingFilter.groovy:39)
	at java.util.concurrent.ThreadPoolExecutor$Worker.runTask(ThreadPoolExecutor.java:886)
	at java.util.concurrent.ThreadPoolExecutor$Worker.run(ThreadPoolExecutor.java:908)
	at java.lang.Thread.run(Thread.java:680)
2012-04-26 21:06:28,157 [http-bio-8080-exec-2] ERROR StackTrace  - Full Stack Trace:
java.io.FileNotFoundException: /Users/eberry/.grails/2.0.3/projects/shiro-example/tomcat/work/Tomcat/localhost/shiro-example/grails-resources/images/grails_logo.png (No such file or directory)
	at java.io.FileInputStream.open(Native Method)
	at java.io.FileInputStream.<init>(FileInputStream.java:120)
	at org.codehaus.groovy.runtime.DefaultGroovyMethods.newInputStream(DefaultGroovyMethods.java:16649)
	at org.codehaus.groovy.runtime.dgm$527.invoke(Unknown Source)
	at org.codehaus.groovy.runtime.callsite.PojoMetaMethodSite$PojoMetaMethodSiteNoUnwrapNoCoerce.invoke(PojoMetaMethodSite.java:271)
	at org.codehaus.groovy.runtime.callsite.PojoMetaMethodSite.call(PojoMetaMethodSite.java:53)
	at org.codehaus.groovy.runtime.callsite.CallSiteArray.defaultCall(CallSiteArray.java:42)
	at org.codehaus.groovy.runtime.callsite.AbstractCallSite.call(AbstractCallSite.java:108)
	at org.codehaus.groovy.runtime.callsite.AbstractCallSite.call(AbstractCallSite.java:112)
	at org.grails.plugin.resource.ResourceMeta.newInputStream(ResourceMeta.groovy:205)
	at org.grails.plugin.resource.ResourceMeta$newInputStream$1.call(Unknown Source)
	at org.codehaus.groovy.runtime.callsite.CallSiteArray.defaultCall(CallSiteArray.java:42)
	at org.codehaus.groovy.runtime.callsite.AbstractCallSite.call(AbstractCallSite.java:108)
	at org.codehaus.groovy.runtime.callsite.AbstractCallSite.call(AbstractCallSite.java:112)
	at org.grails.plugin.resource.ResourceProcessor.processModernResource(ResourceProcessor.groovy:290)
	at org.grails.plugin.resource.ResourceProcessor$processModernResource$0.call(Unknown Source)
	at org.codehaus.groovy.runtime.callsite.CallSiteArray.defaultCall(CallSiteArray.java:42)
	at org.codehaus.groovy.runtime.callsite.AbstractCallSite.call(AbstractCallSite.java:108)
	at org.codehaus.groovy.runtime.callsite.AbstractCallSite.call(AbstractCallSite.java:120)
	at org.grails.plugin.resource.ProcessingFilter.doFilter(ProcessingFilter.groovy:39)
	at org.apache.catalina.core.ApplicationFilterChain.internalDoFilter(ApplicationFilterChain.java:243)
	at org.apache.catalina.core.ApplicationFilterChain.doFilter(ApplicationFilterChain.java:210)
	at org.springframework.web.filter.CharacterEncodingFilter.doFilterInternal(CharacterEncodingFilter.java:88)
	at org.springframework.web.filter.OncePerRequestFilter.doFilter(OncePerRequestFilter.java:76)
	at org.springframework.web.filter.DelegatingFilterProxy.invokeDelegate(DelegatingFilterProxy.java:346)
	at org.springframework.web.filter.DelegatingFilterProxy.doFilter(DelegatingFilterProxy.java:259)
	at org.apache.catalina.core.ApplicationFilterChain.internalDoFilter(ApplicationFilterChain.java:243)
	at org.apache.catalina.core.ApplicationFilterChain.doFilter(ApplicationFilterChain.java:210)
	at org.apache.catalina.core.StandardWrapperValve.invoke(StandardWrapperValve.java:224)
	at org.apache.catalina.core.StandardContextValve.invoke(StandardContextValve.java:169)
	at org.apache.catalina.core.StandardHostValve.invoke(StandardHostValve.java:168)
	at org.apache.catalina.valves.ErrorReportValve.invoke(ErrorReportValve.java:98)
	at org.apache.catalina.core.StandardEngineValve.invoke(StandardEngineValve.java:118)
	at org.apache.catalina.connector.CoyoteAdapter.service(CoyoteAdapter.java:407)
	at org.apache.coyote.http11.AbstractHttp11Processor.process(AbstractHttp11Processor.java:987)
	at org.apache.coyote.AbstractProtocol$AbstractConnectionHandler.process(AbstractProtocol.java:579)
	at org.apache.tomcat.util.net.JIoEndpoint$SocketProcessor.run(JIoEndpoint.java:307)
	at java.util.concurrent.ThreadPoolExecutor$Worker.runTask(ThreadPoolExecutor.java:886)
	at java.util.concurrent.ThreadPoolExecutor$Worker.run(ThreadPoolExecutor.java:908)
	at java.lang.Thread.run(Thread.java:680)
2012-04-26 21:06:28,158 [http-bio-8080-exec-2] ERROR StackTrace  - Full Stack Trace:
java.io.FileNotFoundException: /Users/eberry/.grails/2.0.3/projects/shiro-example/tomcat/work/Tomcat/localhost/shiro-example/grails-resources/images/grails_logo.png (No such file or directory)
	at java.io.FileInputStream.<init>(FileInputStream.java:120)
	at org.grails.plugin.resource.ResourceMeta.newInputStream(ResourceMeta.groovy:205)
	at org.grails.plugin.resource.ResourceProcessor.processModernResource(ResourceProcessor.groovy:290)
	at org.grails.plugin.resource.ProcessingFilter.doFilter(ProcessingFilter.groovy:39)
	at java.util.concurrent.ThreadPoolExecutor$Worker.runTask(ThreadPoolExecutor.java:886)
	at java.util.concurrent.ThreadPoolExecutor$Worker.run(ThreadPoolExecutor.java:908)
	at java.lang.Thread.run(Thread.java:680)
2012-04-26 21:06:28,163 [http-bio-8080-exec-5] ERROR StackTrace  - Full Stack Trace:
java.io.FileNotFoundException: /Users/eberry/.grails/2.0.3/projects/shiro-example/tomcat/work/Tomcat/localhost/shiro-example/grails-resources/css/main.css (No such file or directory)
	at java.io.FileInputStream.open(Native Method)
	at java.io.FileInputStream.<init>(FileInputStream.java:120)
	at org.codehaus.groovy.runtime.DefaultGroovyMethods.newInputStream(DefaultGroovyMethods.java:16649)
	at org.codehaus.groovy.runtime.dgm$527.invoke(Unknown Source)
	at org.codehaus.groovy.runtime.callsite.PojoMetaMethodSite$PojoMetaMethodSiteNoUnwrapNoCoerce.invoke(PojoMetaMethodSite.java:271)
	at org.codehaus.groovy.runtime.callsite.PojoMetaMethodSite.call(PojoMetaMethodSite.java:53)
	at org.codehaus.groovy.runtime.callsite.AbstractCallSite.call(AbstractCallSite.java:112)
	at org.grails.plugin.resource.ResourceMeta.newInputStream(ResourceMeta.groovy:205)
	at org.grails.plugin.resource.ResourceMeta$newInputStream$2.call(Unknown Source)
	at org.codehaus.groovy.runtime.callsite.CallSiteArray.defaultCall(CallSiteArray.java:42)
	at org.codehaus.groovy.runtime.callsite.AbstractCallSite.call(AbstractCallSite.java:108)
	at org.codehaus.groovy.runtime.callsite.AbstractCallSite.call(AbstractCallSite.java:112)
	at org.grails.plugin.resource.ResourceProcessor.processModernResource(ResourceProcessor.groovy:290)
	at org.grails.plugin.resource.ResourceProcessor$processModernResource$1.call(Unknown Source)
	at org.codehaus.groovy.runtime.callsite.CallSiteArray.defaultCall(CallSiteArray.java:42)
	at org.codehaus.groovy.runtime.callsite.AbstractCallSite.call(AbstractCallSite.java:108)
	at org.codehaus.groovy.runtime.callsite.AbstractCallSite.call(AbstractCallSite.java:120)
	at org.grails.plugin.resource.ProcessingFilter.doFilter(ProcessingFilter.groovy:39)
	at org.apache.catalina.core.ApplicationFilterChain.internalDoFilter(ApplicationFilterChain.java:243)
	at org.apache.catalina.core.ApplicationFilterChain.doFilter(ApplicationFilterChain.java:210)
	at org.springframework.web.filter.CharacterEncodingFilter.doFilterInternal(CharacterEncodingFilter.java:88)
	at org.springframework.web.filter.OncePerRequestFilter.doFilter(OncePerRequestFilter.java:76)
	at org.springframework.web.filter.DelegatingFilterProxy.invokeDelegate(DelegatingFilterProxy.java:346)
	at org.springframework.web.filter.DelegatingFilterProxy.doFilter(DelegatingFilterProxy.java:259)
	at org.apache.catalina.core.ApplicationFilterChain.internalDoFilter(ApplicationFilterChain.java:243)
	at org.apache.catalina.core.ApplicationFilterChain.doFilter(ApplicationFilterChain.java:210)
	at org.apache.catalina.core.StandardWrapperValve.invoke(StandardWrapperValve.java:224)
	at org.apache.catalina.core.StandardContextValve.invoke(StandardContextValve.java:169)
	at org.apache.catalina.core.StandardHostValve.invoke(StandardHostValve.java:168)
	at org.apache.catalina.valves.ErrorReportValve.invoke(ErrorReportValve.java:98)
	at org.apache.catalina.core.StandardEngineValve.invoke(StandardEngineValve.java:118)
	at org.apache.catalina.connector.CoyoteAdapter.service(CoyoteAdapter.java:407)
	at org.apache.coyote.http11.AbstractHttp11Processor.process(AbstractHttp11Processor.java:987)
	at org.apache.coyote.AbstractProtocol$AbstractConnectionHandler.process(AbstractProtocol.java:579)
	at org.apache.tomcat.util.net.JIoEndpoint$SocketProcessor.run(JIoEndpoint.java:309)
	at java.util.concurrent.ThreadPoolExecutor$Worker.runTask(ThreadPoolExecutor.java:886)
	at java.util.concurrent.ThreadPoolExecutor$Worker.run(ThreadPoolExecutor.java:908)
	at java.lang.Thread.run(Thread.java:680)
2012-04-26 21:06:28,164 [http-bio-8080-exec-5] ERROR StackTrace  - Full Stack Trace:
java.io.FileNotFoundException: /Users/eberry/.grails/2.0.3/projects/shiro-example/tomcat/work/Tomcat/localhost/shiro-example/grails-resources/css/main.css (No such file or directory)
	at java.io.FileInputStream.<init>(FileInputStream.java:120)
	at org.grails.plugin.resource.ResourceMeta.newInputStream(ResourceMeta.groovy:205)
	at org.grails.plugin.resource.ResourceProcessor.processModernResource(ResourceProcessor.groovy:290)
	at org.grails.plugin.resource.ProcessingFilter.doFilter(ProcessingFilter.groovy:39)
	at java.util.concurrent.ThreadPoolExecutor$Worker.runTask(ThreadPoolExecutor.java:886)
	at java.util.concurrent.ThreadPoolExecutor$Worker.run(ThreadPoolExecutor.java:908)
	at java.lang.Thread.run(Thread.java:680)
2012-04-26 21:06:28,168 [http-bio-8080-exec-4] ERROR StackTrace  - Full Stack Trace:
java.io.FileNotFoundException: /Users/eberry/.grails/2.0.3/projects/shiro-example/tomcat/work/Tomcat/localhost/shiro-example/grails-resources/js/application.js (No such file or directory)
	at java.io.FileInputStream.open(Native Method)
	at java.io.FileInputStream.<init>(FileInputStream.java:120)
	at org.codehaus.groovy.runtime.DefaultGroovyMethods.newInputStream(DefaultGroovyMethods.java:16649)
	at org.codehaus.groovy.runtime.dgm$527.invoke(Unknown Source)
	at org.codehaus.groovy.runtime.callsite.PojoMetaMethodSite$PojoMetaMethodSiteNoUnwrapNoCoerce.invoke(PojoMetaMethodSite.java:271)
	at org.codehaus.groovy.runtime.callsite.PojoMetaMethodSite.call(PojoMetaMethodSite.java:53)
	at org.codehaus.groovy.runtime.callsite.CallSiteArray.defaultCall(CallSiteArray.java:42)
	at org.codehaus.groovy.runtime.callsite.AbstractCallSite.call(AbstractCallSite.java:108)
	at org.codehaus.groovy.runtime.callsite.AbstractCallSite.call(AbstractCallSite.java:112)
	at org.grails.plugin.resource.ResourceMeta.newInputStream(ResourceMeta.groovy:205)
	at org.grails.plugin.resource.ResourceMeta$newInputStream.call(Unknown Source)
	at org.codehaus.groovy.runtime.callsite.CallSiteArray.defaultCall(CallSiteArray.java:42)
	at org.codehaus.groovy.runtime.callsite.AbstractCallSite.call(AbstractCallSite.java:108)
	at org.codehaus.groovy.runtime.callsite.AbstractCallSite.call(AbstractCallSite.java:112)
	at org.grails.plugin.resource.ResourceProcessor.processModernResource(ResourceProcessor.groovy:290)
	at org.grails.plugin.resource.ResourceProcessor$processModernResource.call(Unknown Source)
	at org.codehaus.groovy.runtime.callsite.CallSiteArray.defaultCall(CallSiteArray.java:42)
	at org.codehaus.groovy.runtime.callsite.AbstractCallSite.call(AbstractCallSite.java:108)
	at org.codehaus.groovy.runtime.callsite.AbstractCallSite.call(AbstractCallSite.java:120)
	at org.grails.plugin.resource.ProcessingFilter.doFilter(ProcessingFilter.groovy:39)
	at org.apache.catalina.core.ApplicationFilterChain.internalDoFilter(ApplicationFilterChain.java:243)
	at org.apache.catalina.core.ApplicationFilterChain.doFilter(ApplicationFilterChain.java:210)
	at org.springframework.web.filter.CharacterEncodingFilter.doFilterInternal(CharacterEncodingFilter.java:88)
	at org.springframework.web.filter.OncePerRequestFilter.doFilter(OncePerRequestFilter.java:76)
	at org.springframework.web.filter.DelegatingFilterProxy.invokeDelegate(DelegatingFilterProxy.java:346)
	at org.springframework.web.filter.DelegatingFilterProxy.doFilter(DelegatingFilterProxy.java:259)
	at org.apache.catalina.core.ApplicationFilterChain.internalDoFilter(ApplicationFilterChain.java:243)
	at org.apache.catalina.core.ApplicationFilterChain.doFilter(ApplicationFilterChain.java:210)
	at org.apache.catalina.core.StandardWrapperValve.invoke(StandardWrapperValve.java:224)
	at org.apache.catalina.core.StandardContextValve.invoke(StandardContextValve.java:169)
	at org.apache.catalina.core.StandardHostValve.invoke(StandardHostValve.java:168)
	at org.apache.catalina.valves.ErrorReportValve.invoke(ErrorReportValve.java:98)
	at org.apache.catalina.core.StandardEngineValve.invoke(StandardEngineValve.java:118)
	at org.apache.catalina.connector.CoyoteAdapter.service(CoyoteAdapter.java:407)
	at org.apache.coyote.http11.AbstractHttp11Processor.process(AbstractHttp11Processor.java:987)
	at org.apache.coyote.AbstractProtocol$AbstractConnectionHandler.process(AbstractProtocol.java:579)
	at org.apache.tomcat.util.net.JIoEndpoint$SocketProcessor.run(JIoEndpoint.java:307)
	at java.util.concurrent.ThreadPoolExecutor$Worker.runTask(ThreadPoolExecutor.java:886)
	at java.util.concurrent.ThreadPoolExecutor$Worker.run(ThreadPoolExecutor.java:908)
	at java.lang.Thread.run(Thread.java:680)
2012-04-26 21:06:28,168 [http-bio-8080-exec-4] ERROR StackTrace  - Full Stack Trace:
java.io.FileNotFoundException: /Users/eberry/.grails/2.0.3/projects/shiro-example/tomcat/work/Tomcat/localhost/shiro-example/grails-resources/js/application.js (No such file or directory)
	at java.io.FileInputStream.<init>(FileInputStream.java:120)
	at org.grails.plugin.resource.ResourceMeta.newInputStream(ResourceMeta.groovy:205)
	at org.grails.plugin.resource.ResourceProcessor.processModernResource(ResourceProcessor.groovy:290)
	at org.grails.plugin.resource.ProcessingFilter.doFilter(ProcessingFilter.groovy:39)
	at java.util.concurrent.ThreadPoolExecutor$Worker.runTask(ThreadPoolExecutor.java:886)
	at java.util.concurrent.ThreadPoolExecutor$Worker.run(ThreadPoolExecutor.java:908)
	at java.lang.Thread.run(Thread.java:680)
2012-04-26 21:06:28,195 [http-bio-8080-exec-5] ERROR StackTrace  - Full Stack Trace:
java.io.FileNotFoundException: /Users/eberry/.grails/2.0.3/projects/shiro-example/tomcat/work/Tomcat/localhost/shiro-example/grails-resources/css/main.css (No such file or directory)
	at java.io.FileInputStream.<init>(FileInputStream.java:120)
	at org.grails.plugin.resource.ResourceMeta.newInputStream(ResourceMeta.groovy:205)
	at org.grails.plugin.resource.ResourceProcessor.processModernResource(ResourceProcessor.groovy:290)
	at org.grails.plugin.resource.ProcessingFilter.doFilter(ProcessingFilter.groovy:39)
	at java.util.concurrent.ThreadPoolExecutor$Worker.runTask(ThreadPoolExecutor.java:886)
	at java.util.concurrent.ThreadPoolExecutor$Worker.run(ThreadPoolExecutor.java:908)
	at java.lang.Thread.run(Thread.java:680)
2012-04-26 21:06:28,195 [http-bio-8080-exec-4] ERROR StackTrace  - Full Stack Trace:
java.io.FileNotFoundException: /Users/eberry/.grails/2.0.3/projects/shiro-example/tomcat/work/Tomcat/localhost/shiro-example/grails-resources/js/application.js (No such file or directory)
	at java.io.FileInputStream.<init>(FileInputStream.java:120)
	at org.grails.plugin.resource.ResourceMeta.newInputStream(ResourceMeta.groovy:205)
	at org.grails.plugin.resource.ResourceProcessor.processModernResource(ResourceProcessor.groovy:290)
	at org.grails.plugin.resource.ProcessingFilter.doFilter(ProcessingFilter.groovy:39)
	at java.util.concurrent.ThreadPoolExecutor$Worker.runTask(ThreadPoolExecutor.java:886)
	at java.util.concurrent.ThreadPoolExecutor$Worker.run(ThreadPoolExecutor.java:908)
	at java.lang.Thread.run(Thread.java:680)
2012-04-26 21:06:28,195 [http-bio-8080-exec-4] ERROR StackTrace  - Full Stack Trace:
java.io.FileNotFoundException: /Users/eberry/.grails/2.0.3/projects/shiro-example/tomcat/work/Tomcat/localhost/shiro-example/grails-resources/js/application.js (No such file or directory)
	at java.io.FileInputStream.<init>(FileInputStream.java:120)
	at org.grails.plugin.resource.ResourceMeta.newInputStream(ResourceMeta.groovy:205)
	at org.grails.plugin.resource.ResourceProcessor.processModernResource(ResourceProcessor.groovy:290)
	at org.grails.plugin.resource.ProcessingFilter.doFilter(ProcessingFilter.groovy:39)
	at java.util.concurrent.ThreadPoolExecutor$Worker.runTask(ThreadPoolExecutor.java:886)
	at java.util.concurrent.ThreadPoolExecutor$Worker.run(ThreadPoolExecutor.java:908)
	at java.lang.Thread.run(Thread.java:680)
2012-04-26 21:06:28,195 [http-bio-8080-exec-2] ERROR StackTrace  - Full Stack Trace:
java.io.FileNotFoundException: /Users/eberry/.grails/2.0.3/projects/shiro-example/tomcat/work/Tomcat/localhost/shiro-example/grails-resources/images/grails_logo.png (No such file or directory)
	at java.io.FileInputStream.<init>(FileInputStream.java:120)
	at org.grails.plugin.resource.ResourceMeta.newInputStream(ResourceMeta.groovy:205)
	at org.grails.plugin.resource.ResourceProcessor.processModernResource(ResourceProcessor.groovy:290)
	at org.grails.plugin.resource.ProcessingFilter.doFilter(ProcessingFilter.groovy:39)
	at java.util.concurrent.ThreadPoolExecutor$Worker.runTask(ThreadPoolExecutor.java:886)
	at java.util.concurrent.ThreadPoolExecutor$Worker.run(ThreadPoolExecutor.java:908)
	at java.lang.Thread.run(Thread.java:680)
2012-04-26 21:06:28,195 [http-bio-8080-exec-2] ERROR StackTrace  - Full Stack Trace:
java.io.FileNotFoundException: /Users/eberry/.grails/2.0.3/projects/shiro-example/tomcat/work/Tomcat/localhost/shiro-example/grails-resources/images/grails_logo.png (No such file or directory)
	at java.io.FileInputStream.<init>(FileInputStream.java:120)
	at org.grails.plugin.resource.ResourceMeta.newInputStream(ResourceMeta.groovy:205)
	at org.grails.plugin.resource.ResourceProcessor.processModernResource(ResourceProcessor.groovy:290)
	at org.grails.plugin.resource.ProcessingFilter.doFilter(ProcessingFilter.groovy:39)
	at java.util.concurrent.ThreadPoolExecutor$Worker.runTask(ThreadPoolExecutor.java:886)
	at java.util.concurrent.ThreadPoolExecutor$Worker.run(ThreadPoolExecutor.java:908)
	at java.lang.Thread.run(Thread.java:680)
2012-04-26 21:06:28,195 [http-bio-8080-exec-5] ERROR StackTrace  - Full Stack Trace:
java.io.FileNotFoundException: /Users/eberry/.grails/2.0.3/projects/shiro-example/tomcat/work/Tomcat/localhost/shiro-example/grails-resources/css/main.css (No such file or directory)
	at java.io.FileInputStream.<init>(FileInputStream.java:120)
	at org.grails.plugin.resource.ResourceMeta.newInputStream(ResourceMeta.groovy:205)
	at org.grails.plugin.resource.ResourceProcessor.processModernResource(ResourceProcessor.groovy:290)
	at org.grails.plugin.resource.ProcessingFilter.doFilter(ProcessingFilter.groovy:39)
	at java.util.concurrent.ThreadPoolExecutor$Worker.runTask(ThreadPoolExecutor.java:886)
	at java.util.concurrent.ThreadPoolExecutor$Worker.run(ThreadPoolExecutor.java:908)
	at java.lang.Thread.run(Thread.java:680)
2012-04-26 21:06:28,195 [http-bio-8080-exec-10] ERROR StackTrace  - Full Stack Trace:
java.io.FileNotFoundException: /Users/eberry/.grails/2.0.3/projects/shiro-example/tomcat/work/Tomcat/localhost/shiro-example/grails-resources/css/mobile.css (No such file or directory)
	at java.io.FileInputStream.<init>(FileInputStream.java:120)
	at org.grails.plugin.resource.ResourceMeta.newInputStream(ResourceMeta.groovy:205)
	at org.grails.plugin.resource.ResourceProcessor.processModernResource(ResourceProcessor.groovy:290)
	at org.grails.plugin.resource.ProcessingFilter.doFilter(ProcessingFilter.groovy:39)
	at java.util.concurrent.ThreadPoolExecutor$Worker.runTask(ThreadPoolExecutor.java:886)
	at java.util.concurrent.ThreadPoolExecutor$Worker.run(ThreadPoolExecutor.java:908)
	at java.lang.Thread.run(Thread.java:680)
2012-04-26 21:06:28,198 [http-bio-8080-exec-10] ERROR StackTrace  - Full Stack Trace:
java.io.FileNotFoundException: /Users/eberry/.grails/2.0.3/projects/shiro-example/tomcat/work/Tomcat/localhost/shiro-example/grails-resources/css/mobile.css (No such file or directory)
	at java.io.FileInputStream.<init>(FileInputStream.java:120)
	at org.grails.plugin.resource.ResourceMeta.newInputStream(ResourceMeta.groovy:205)
	at org.grails.plugin.resource.ResourceProcessor.processModernResource(ResourceProcessor.groovy:290)
	at org.grails.plugin.resource.ProcessingFilter.doFilter(ProcessingFilter.groovy:39)
	at java.util.concurrent.ThreadPoolExecutor$Worker.runTask(ThreadPoolExecutor.java:886)
	at java.util.concurrent.ThreadPoolExecutor$Worker.run(ThreadPoolExecutor.java:908)
	at java.lang.Thread.run(Thread.java:680)
